app/build/intermediates/manifest_merge_blame_file/debug/manifest-merger-blame-debug-report.txt
1<?xml version="1.0" encoding="utf-8"?>
2<manifest xmlns:android="http://schemas.android.com/apk/res/android"
3    package="com.azhar.resepmakanan"
4    android:versionCode="1"
5    android:versionName="1.0" >
6
7    <uses-sdk
8        android:minSdkVersion="21"
8-->src\main\AndroidManifest.xml
9        android:targetSdkVersion="29" />
9-->src\main\AndroidManifest.xml
10
11    <uses-permission android:name="android.permission.INTERNET" />
11-->src\main\AndroidManifest.xml:5:5-67
11-->src\main\AndroidManifest.xml:5:22-64
12
13    <application
13-->src\main\AndroidManifest.xml:7:5-24:19
14        android:allowBackup="true"
14-->src\main\AndroidManifest.xml:8:9-35
15        android:appComponentFactory="androidx.core.app.CoreComponentFactory"
15-->[androidx.core:core:1.3.0] AndroidManifest.xml:24:18-86
16        android:debuggable="true"
17        android:icon="@mipmap/ic_launcher"
17-->src\main\AndroidManifest.xml:9:9-43
18        android:label="@string/app_name"
18-->src\main\AndroidManifest.xml:10:9-41
19        android:roundIcon="@mipmap/ic_launcher_round"
19-->src\main\AndroidManifest.xml:11:9-54
20        android:supportsRtl="true"
20-->src\main\AndroidManifest.xml:12:9-35
21        android:theme="@style/AppTheme"
21-->src\main\AndroidManifest.xml:13:9-40
22        android:usesCleartextTraffic="true" >
22-->src\main\AndroidManifest.xml:14:9-44
23        <activity android:name="com.azhar.resepmakanan.activities.MainActivity" >
23-->src\main\AndroidManifest.xml:15:9-21:20
23-->src\main\AndroidManifest.xml:15:19-58
24            <intent-filter>
24-->src\main\AndroidManifest.xml:16:13-20:29
25                <action android:name="android.intent.action.MAIN" />
25-->src\main\AndroidManifest.xml:17:17-69
25-->src\main\AndroidManifest.xml:17:25-66
26
27                <category android:name="android.intent.category.LAUNCHER" />
27-->src\main\AndroidManifest.xml:19:17-77
27-->src\main\AndroidManifest.xml:19:27-74
28            </intent-filter>
29        </activity>
30        <activity android:name="com.azhar.resepmakanan.activities.DetailRecipeActivity" />
30-->src\main\AndroidManifest.xml:22:9-69
30-->src\main\AndroidManifest.xml:22:19-66
31        <activity android:name="com.azhar.resepmakanan.activities.FilterFoodActivity" />
31-->src\main\AndroidManifest.xml:23:9-67
31-->src\main\AndroidManifest.xml:23:19-64
32    </application>
33
34</manifest>